[01:17:16] [main/INFO] (FabricLoader/GameProvider) Loading Minecraft 1.19.3 with Fabric Loader 0.14.19
[01:17:16] [main/INFO] (FabricLoader) Loading 63 mods:
	- ashondiscord-hud 1.0.0
	- authme 5.0.0
	   \-- cloth-config 9.0.94
	        \-- cloth-basic-math 0.6.1
	- dynamicfps 2.2.0
	   \-- com_moandjiezana_toml_toml4j 0.7.2
	- fabric-api 0.76.0+1.19.3
	- fabric-api-base 0.4.23+9ff28bced8
	- fabric-api-lookup-api-v1 1.6.20+49abcf7e85
	- fabric-biome-api-v1 12.1.2+f1c68e5885
	- fabric-block-api-v1 1.0.5+e022e5d185
	- fabric-blockrenderlayer-v1 1.1.31+928d44d585
	- fabric-client-tags-api-v1 1.0.12+1134c5b885
	- fabric-command-api-v2 2.2.1+3fc4752e85
	- fabric-content-registries-v0 3.5.2+1d37d50285
	- fabric-convention-tags-v1 1.3.0+521b5c5285
	- fabric-crash-report-info-v1 0.2.14+aeb40ebe85
	- fabric-data-generation-api-v1 11.3.2+40dc7a9485
	- fabric-dimensions-v1 2.1.42+00a2eb1085
	- fabric-entity-events-v1 1.5.7+b83334a085
	- fabric-events-interaction-v0 0.4.40+3baeb27a85
	- fabric-game-rule-api-v1 1.0.30+99f9db8085
	- fabric-gametest-api-v1 1.2.1+2ff127f585
	- fabric-item-api-v1 2.1.11+71b8257385
	- fabric-item-group-api-v1 2.1.13+b5470ac785
	- fabric-key-binding-api-v1 1.0.31+bc01e09785
	- fabric-lifecycle-events-v1 2.2.10+23a79c8a85
	- fabric-loot-api-v2 1.1.21+75e9821185
	- fabric-message-api-v1 5.1.0+c85585f885
	- fabric-mining-level-api-v1 2.1.32+49abcf7e85
	- fabric-models-v0 0.3.27+11ba9c3b85
	- fabric-networking-api-v1 1.2.17+4017a8cb85
	- fabric-object-builder-api-v1 5.4.2+eb2a3ba985
	- fabric-particles-v1 1.0.20+f1e4495b85
	- fabric-recipe-api-v1 1.0.1+5176f73d85
	- fabric-registry-sync-v0 2.1.0+f7b4d36485
	- fabric-renderer-api-v1 2.2.2+3a95925a85
	- fabric-renderer-indigo 0.8.0+3a95925a85
	- fabric-rendering-data-attachment-v1 0.3.25+afca2f3e85
	- fabric-rendering-fluids-v1 3.0.18+f1e4495b85
	- fabric-rendering-v1 1.13.0+ad17775585
	- fabric-resource-conditions-api-v1 2.3.0+e63306e085
	- fabric-resource-loader-v0 0.11.0+68296ad585
	- fabric-screen-api-v1 1.0.41+f1e4495b85
	- fabric-screen-handler-api-v1 1.3.13+99f9db8085
	- fabric-sound-api-v1 1.0.8+75e9821185
	- fabric-transfer-api-v1 2.1.15+ccd377ba85
	- fabric-transitive-access-wideners-v1 2.3.1+40dc7a9485
	- fabricloader 0.14.19
	- fastload 3.0.1
	   |-- conditional-mixin 0.3.2
	   |-- fl-119-0-1-2-compat 3.0.1
	   |-- fl-1193-compat 3.0.1
	   \-- fl-1194-compat 3.0.1
	- gammautils 1.6.13
	- java 17
	- lazydfu 0.1.3
	- lithium 0.11.1
	- minecraft 1.19.3
	- renderer 1.0
	- skiptransitions 1.3.2+1.18.x
	- sodium 0.4.9+build.23
	- starlight 1.1.1+fabric.ae22326
[01:17:24] [main/INFO] (FabricLoader/Mixin) SpongePowered MIXIN Subsystem Version=0.8.5 Source=file:/home/ash/.gradle/caches/modules-2/files-2.1/net.fabricmc/sponge-mixin/0.12.4+mixin.0.8.5/e13b4069fe3555969811d4474f78576c707bbe1c/sponge-mixin-0.12.4+mixin.0.8.5.jar Service=Knot/Fabric Env=CLIENT
[01:17:24] [main/INFO] (FabricLoader/Mixin) Loaded Fabric development mappings for mixin remapper!
[01:17:24] [main/INFO] (FabricLoader/Mixin) Compatibility level set to JAVA_16
[01:17:24] [main/INFO] (FabricLoader/Mixin) Compatibility level set to JAVA_17
[01:17:25] [main/INFO] (Lithium) Loaded configuration file for Lithium: 114 options available, 0 override(s) found
[01:17:25] [main/INFO] (Sodium) Loaded configuration file for Sodium: 33 options available, 0 override(s) found
[01:17:32] [main/INFO] (Minecraft) Building unoptimized datafixer
[01:17:35] [Render thread/INFO] (Sodium) Launching a new process to probe the system configuration!
[01:17:36] [Render thread/INFO] (Sodium) OpenGL Vendor: Intel
[01:17:36] [Render thread/INFO] (Sodium) OpenGL Renderer: Mesa Intel(R) UHD Graphics 620 (KBL GT2)
[01:17:36] [Render thread/INFO] (Sodium) OpenGL Version: 4.6 (Core Profile) Mesa 23.0.0
[01:17:36] [Render thread/INFO] (Minecraft) Environment: authHost='https://authserver.mojang.com', accountsHost='https://api.mojang.com', sessionHost='https://sessionserver.mojang.com', servicesHost='https://api.minecraftservices.com', name='PROD'
[01:17:37] [Render thread/ERROR] (Minecraft) Failed to verify authentication
com.mojang.authlib.exceptions.InvalidCredentialsException: Status: 401
	at com.mojang.authlib.exceptions.MinecraftClientHttpException.toAuthenticationException(MinecraftClientHttpException.java:56) ~[authlib-3.16.29.jar:?]
	at com.mojang.authlib.yggdrasil.YggdrasilUserApiService.fetchProperties(YggdrasilUserApiService.java:156) ~[authlib-3.16.29.jar:?]
	at com.mojang.authlib.yggdrasil.YggdrasilUserApiService.<init>(YggdrasilUserApiService.java:55) ~[authlib-3.16.29.jar:?]
	at com.mojang.authlib.yggdrasil.YggdrasilAuthenticationService.createUserApiService(YggdrasilAuthenticationService.java:161) ~[authlib-3.16.29.jar:?]
	at net.minecraft.client.MinecraftClient.createUserApiService(MinecraftClient.java:716) ~[minecraft-clientonly-project-root-1.19.3-net.fabricmc.yarn.1_19_3.1.19.3+build.5-v2.jar:?]
	at net.minecraft.client.MinecraftClient.<init>(MinecraftClient.java:513) ~[minecraft-clientonly-project-root-1.19.3-net.fabricmc.yarn.1_19_3.1.19.3+build.5-v2.jar:?]
	at net.minecraft.client.main.Main.main(Main.java:181) ~[minecraft-clientonly-project-root-1.19.3-net.fabricmc.yarn.1_19_3.1.19.3+build.5-v2.jar:?]
	at net.minecraft.client.main.Main.main(Main.java:53) ~[minecraft-clientonly-project-root-1.19.3-net.fabricmc.yarn.1_19_3.1.19.3+build.5-v2.jar:?]
	at net.fabricmc.loader.impl.game.minecraft.MinecraftGameProvider.launch(MinecraftGameProvider.java:462) ~[fabric-loader-0.14.19.jar:?]
	at net.fabricmc.loader.impl.launch.knot.Knot.launch(Knot.java:74) ~[fabric-loader-0.14.19.jar:?]
	at net.fabricmc.loader.impl.launch.knot.KnotClient.main(KnotClient.java:23) ~[fabric-loader-0.14.19.jar:?]
	at net.fabricmc.devlaunchinjector.Main.main(Main.java:86) ~[dev-launch-injector-0.2.1+build.8.jar:?]
Caused by: com.mojang.authlib.exceptions.MinecraftClientHttpException: Status: 401
	at com.mojang.authlib.minecraft.client.MinecraftClient.readInputStream(MinecraftClient.java:87) ~[authlib-3.16.29.jar:?]
	at com.mojang.authlib.minecraft.client.MinecraftClient.get(MinecraftClient.java:48) ~[authlib-3.16.29.jar:?]
	at com.mojang.authlib.yggdrasil.YggdrasilUserApiService.fetchProperties(YggdrasilUserApiService.java:129) ~[authlib-3.16.29.jar:?]
	... 10 more
[01:17:37] [Render thread/INFO] (Minecraft) Setting user: Player476
[01:17:37] [Render thread/INFO] (ashondiscord-hud) Hello Fabric world! (server)
[01:17:37] [Render thread/INFO] (Fastload) CHUNK_TRY_LIMIT: 100
[01:17:37] [Render thread/INFO] (Fastload) CLOSE_LOADING_SCREEN_UNSAFELY: FALSE
[01:17:37] [Render thread/INFO] (Fastload) RENDER_CHUNK_RADIUS: 0
[01:17:37] [Render thread/INFO] (Fastload) RENDER_CHUNK_AREA: 0
[01:17:37] [Render thread/INFO] (Fastload) DEBUG: FALSE
[01:17:37] [Render thread/INFO] (Fastload) PREGEN_CHUNK_RADIUS: 5
[01:17:37] [Render thread/INFO] (Fastload) PREGEN_CHUNK_AREA: 121
[01:17:37] [Render thread/INFO] (Indigo) [Indigo] Different rendering plugin detected; not applying Indigo.
[01:17:37] [Render thread/INFO] (ashondiscord-hud) Hello Fabric world! (client)
[01:17:37] [Render thread/INFO] (skiptransitions) Skip Transitions loaded.
[01:17:38] [Render thread/INFO] (Minecraft) Backend library: LWJGL version 3.3.1 SNAPSHOT
[01:17:38] [Render thread/WARN] (FabricLoader/Mixin) Static binding violation: PRIVATE @Overwrite method renderBakedItemModel in sodium.mixins.json:features.item.MixinItemRenderer from mod sodium cannot reduce visibiliy of PUBLIC target method, visibility will be upgraded.
[01:17:39] [Render thread/WARN] (Minecraft) ERROR : Couldn't load Narrator library
java.lang.UnsatisfiedLinkError: libflite.so.1: cannot open shared object file: No such file or directory
	at com.sun.jna.Native.open(Native Method) ~[jna-5.12.1.jar:5.12.1 (b0)]
	at com.sun.jna.NativeLibrary.loadLibrary(NativeLibrary.java:283) ~[jna-5.12.1.jar:5.12.1 (b0)]
	at com.sun.jna.NativeLibrary.getInstance(NativeLibrary.java:467) ~[jna-5.12.1.jar:5.12.1 (b0)]
	at com.sun.jna.NativeLibrary.getInstance(NativeLibrary.java:409) ~[jna-5.12.1.jar:5.12.1 (b0)]
	at com.mojang.text2speech.NarratorLinux.<clinit>(NarratorLinux.java:18) ~[text2speech-1.13.9.jar:?]
	at com.mojang.text2speech.Narrator.getNarrator(Narrator.java:21) ~[text2speech-1.13.9.jar:?]
	at net.minecraft.client.util.NarratorManager.<init>(NarratorManager.java:30) ~[minecraft-clientonly-project-root-1.19.3-net.fabricmc.yarn.1_19_3.1.19.3+build.5-v2.jar:?]
	at net.minecraft.client.MinecraftClient.<init>(MinecraftClient.java:642) ~[minecraft-clientonly-project-root-1.19.3-net.fabricmc.yarn.1_19_3.1.19.3+build.5-v2.jar:?]
	at net.minecraft.client.main.Main.main(Main.java:181) ~[minecraft-clientonly-project-root-1.19.3-net.fabricmc.yarn.1_19_3.1.19.3+build.5-v2.jar:?]
	at net.minecraft.client.main.Main.main(Main.java:53) ~[minecraft-clientonly-project-root-1.19.3-net.fabricmc.yarn.1_19_3.1.19.3+build.5-v2.jar:?]
	at net.fabricmc.loader.impl.game.minecraft.MinecraftGameProvider.launch(MinecraftGameProvider.java:462) ~[fabric-loader-0.14.19.jar:?]
	at net.fabricmc.loader.impl.launch.knot.Knot.launch(Knot.java:74) ~[fabric-loader-0.14.19.jar:?]
	at net.fabricmc.loader.impl.launch.knot.KnotClient.main(KnotClient.java:23) ~[fabric-loader-0.14.19.jar:?]
	at net.fabricmc.devlaunchinjector.Main.main(Main.java:86) ~[dev-launch-injector-0.2.1+build.8.jar:?]
[01:17:39] [Render thread/INFO] (Minecraft) Reloading ResourceManager: vanilla, Fabric Mods (Fabric Convention Tags, Fabric Renderer - Indigo, conditional mixin, Fabric Sound API (v1), Fabric Key Binding API (v1), Fabric Screen API (v1), Renderer, Fabric Rendering Data Attachment (v1), Fabric API Base, Fabric Mining Level API (v1), Lithium, Fabric Game Test API (v1), Fabric Models (v0), AshOnDiscord HUD, LazyDFU, Sodium, Auth Me, Fabric Data Generation API (v1), Fabric API Lookup API (v1), Fabric Game Rule API (v1), Cloth Config v9, Fabric Item Group API (v1), Fabric Events Interaction (v0), Fabric Rendering (v1), Fabric Message API (v1), Fabric Command API (v2), Fast Load, Fabric Entity Events (v1), Fabric Crash Report Info (v1), Fabric Client Tags, Fabric Lifecycle Events (v1), Fabric Item API (v1), Fabric Recipe API (v1), Fabric Transitive Access Wideners (v1), Fabric Dimensions API (v1), Fabric BlockRenderLayer Registration (v1), Fabric Loader, Fabric Content Registries (v0), Dynamic FPS, Fabric Screen Handler API (v1), Fabric Rendering Fluids (v1), Fabric Loot API (v2), Fabric Transfer API (v1), Skip Transitions, Fabric Networking API (v1), Fabric API, Fabric Resource Loader (v0), Fabric Object Builder API (v1), Fabric Renderer API (v1), Starlight, Fabric Biome API (v1), Fabric Resource Conditions API (v1), Fabric Particles (v1), Fabric Block API (v1), Fabric Registry Sync (v0), Gamma Utils)
[01:17:40] [Realms Notification Availability checker #1/INFO] (Minecraft) Could not authorize you against Realms server: Invalid session id
[01:17:42] [Render thread/WARN] (Minecraft) Missing sound for event: minecraft:item.goat_horn.play
[01:17:42] [Render thread/WARN] (Minecraft) Missing sound for event: minecraft:entity.goat.screaming.horn_break
[01:17:42] [Render thread/INFO] (Minecraft) OpenAL initialized on device JACK Default
[01:17:42] [Render thread/INFO] (Minecraft) Sound engine started
[01:17:42] [Render thread/INFO] (Minecraft) Created: 1024x1024x0 minecraft:textures/atlas/blocks.png-atlas
[01:17:43] [Render thread/INFO] (Minecraft) Created: 512x256x0 minecraft:textures/atlas/signs.png-atlas
[01:17:43] [Render thread/INFO] (Minecraft) Created: 1024x512x0 minecraft:textures/atlas/shield_patterns.png-atlas
[01:17:43] [Render thread/INFO] (Minecraft) Created: 1024x512x0 minecraft:textures/atlas/banner_patterns.png-atlas
[01:17:43] [Render thread/INFO] (Minecraft) Created: 256x256x0 minecraft:textures/atlas/chest.png-atlas
[01:17:43] [Render thread/INFO] (Minecraft) Created: 512x256x0 minecraft:textures/atlas/beds.png-atlas
[01:17:43] [Render thread/INFO] (Minecraft) Created: 512x256x0 minecraft:textures/atlas/shulker_boxes.png-atlas
[01:17:43] [Render thread/WARN] (Minecraft) Shader rendertype_entity_translucent_emissive could not find sampler named Sampler2 in the specified shader program.
[01:17:43] [Render thread/INFO] (Minecraft) Created: 512x256x0 minecraft:textures/atlas/particles.png-atlas
[01:17:43] [Render thread/INFO] (Minecraft) Created: 256x256x0 minecraft:textures/atlas/paintings.png-atlas
[01:17:43] [Render thread/INFO] (Minecraft) Created: 512x256x0 minecraft:textures/atlas/mob_effects.png-atlas
[01:18:41] [Render thread/INFO] (FabricRegistrySync) [fabric-registry-sync] Loaded registry data [file 1/4]
[01:18:42] [Render thread/INFO] (Minecraft) Loaded 7 recipes
[01:18:42] [Render thread/INFO] (Minecraft) Loaded 1179 advancements
[01:18:43] [Render thread/INFO] (BiomeModificationImpl) Applied 0 biome modifications to 0 of 63 new biomes in 1.708 ms
[01:18:43] [Server thread/INFO] (Minecraft) Starting integrated minecraft server version 1.19.3
[01:18:43] [Server thread/INFO] (Minecraft) Generating keypair
[01:18:46] [Server thread/INFO] (Minecraft) Preparing start region for dimension minecraft:overworld
[01:18:50] [Render thread/INFO] (Minecraft) Preparing spawn area: 0%
[01:18:50] [Render thread/INFO] (Minecraft) Preparing spawn area: 0%
[01:18:50] [Render thread/INFO] (Minecraft) Preparing spawn area: 0%
[01:18:50] [Render thread/INFO] (Minecraft) Preparing spawn area: 0%
[01:18:50] [Render thread/INFO] (Minecraft) Preparing spawn area: 0%
[01:18:50] [Render thread/INFO] (Minecraft) Preparing spawn area: 0%
[01:18:50] [Render thread/INFO] (Minecraft) Preparing spawn area: 0%
[01:18:50] [Render thread/INFO] (Minecraft) Preparing spawn area: 0%
[01:18:50] [Render thread/INFO] (Minecraft) Preparing spawn area: 0%
[01:18:50] [Render thread/INFO] (Minecraft) Preparing spawn area: 0%
[01:18:51] [Render thread/INFO] (Minecraft) Preparing spawn area: 37%
[01:18:51] [Render thread/INFO] (Minecraft) Time elapsed: 5383 ms
[01:18:51] [Server thread/INFO] (Minecraft) Changing view distance to 8, from 10
[01:18:51] [Server thread/INFO] (Minecraft) Changing simulation distance to 5, from 0
[01:18:52] [Server thread/INFO] (Minecraft) Player476[local:E:962cd7a0] logged in with entity id 14 at (-90.45944986910801, 64.02442408821369, 153.97625119673566)
[01:18:52] [Server thread/INFO] (Minecraft) Player476 joined the game
[01:18:52] [Server thread/INFO] (Minecraft) Player476 has completed the challenge [Cover Me in Debris]
[01:18:52] [Server thread/INFO] (Minecraft) Player476 has made the advancement [Ice Bucket Challenge]
[01:18:52] [Render thread/INFO] (ChunkBuilder) Started 2 worker threads
[01:18:52] [Render thread/INFO] (Minecraft) [System] [CHAT] Player476 has completed the challenge [Cover Me in Debris]
[01:18:53] [Render thread/INFO] (Minecraft) [System] [CHAT] Player476 has made the advancement [Ice Bucket Challenge]
[01:18:53] [Render thread/INFO] (Minecraft) Loaded 20 advancements
[01:18:53] [Render thread/INFO] (ashondiscord-hud) Using font size: 7 | -1
[01:18:53] [Render thread/INFO] (ashondiscord-hud) Using font size: 7
[01:18:55] [Server thread/INFO] (Minecraft) Saving and pausing game...
[01:18:55] [Server thread/INFO] (Minecraft) Saving chunks for level 'ServerLevel[New World]'/minecraft:overworld
[01:18:55] [Server thread/INFO] (Minecraft) Saving chunks for level 'ServerLevel[New World]'/minecraft:the_nether
[01:18:55] [Server thread/INFO] (Minecraft) Saving chunks for level 'ServerLevel[New World]'/minecraft:the_end
[01:21:21] [Server thread/INFO] (Minecraft) Saving and pausing game...
[01:21:21] [Server thread/INFO] (Minecraft) Saving chunks for level 'ServerLevel[New World]'/minecraft:overworld
[01:21:22] [Server thread/INFO] (Minecraft) Saving chunks for level 'ServerLevel[New World]'/minecraft:the_nether
[01:21:22] [Server thread/INFO] (Minecraft) Saving chunks for level 'ServerLevel[New World]'/minecraft:the_end
[01:24:40] [Server thread/INFO] (Minecraft) Saving and pausing game...
[01:24:40] [Server thread/INFO] (Minecraft) Saving chunks for level 'ServerLevel[New World]'/minecraft:overworld
[01:24:40] [Server thread/INFO] (Minecraft) Saving chunks for level 'ServerLevel[New World]'/minecraft:the_nether
[01:24:40] [Server thread/INFO] (Minecraft) Saving chunks for level 'ServerLevel[New World]'/minecraft:the_end
[01:25:09] [Render thread/INFO] (Minecraft) Loaded 27 advancements
[01:25:20] [Render thread/WARN] (Minecraft) Unable to play empty soundEvent: minecraft:entity.salmon.ambient
[01:25:26] [Server thread/INFO] (Minecraft) Saving and pausing game...
[01:25:26] [Server thread/INFO] (Minecraft) Saving chunks for level 'ServerLevel[New World]'/minecraft:overworld
[01:25:26] [Server thread/INFO] (Minecraft) Saving chunks for level 'ServerLevel[New World]'/minecraft:the_nether
[01:25:26] [Server thread/INFO] (Minecraft) Saving chunks for level 'ServerLevel[New World]'/minecraft:the_end
[01:25:27] [Server thread/INFO] (Minecraft) Player476 lost connection: Disconnected
[01:25:27] [Server thread/INFO] (Minecraft) Player476 left the game
[01:25:27] [Server thread/INFO] (Minecraft) Stopping singleplayer server as player logged out
[01:25:27] [Server thread/INFO] (Minecraft) Stopping server
[01:25:27] [Server thread/INFO] (Minecraft) Saving players
[01:25:27] [Server thread/INFO] (Minecraft) Saving worlds
[01:25:28] [Server thread/INFO] (Minecraft) Saving chunks for level 'ServerLevel[New World]'/minecraft:overworld
[01:25:28] [Server thread/INFO] (Minecraft) Saving chunks for level 'ServerLevel[New World]'/minecraft:the_nether
[01:25:28] [Server thread/INFO] (Minecraft) Saving chunks for level 'ServerLevel[New World]'/minecraft:the_end
[01:25:28] [Server thread/INFO] (Minecraft) ThreadedAnvilChunkStorage (New World): All chunks are saved
[01:25:28] [Server thread/INFO] (Minecraft) ThreadedAnvilChunkStorage (DIM-1): All chunks are saved
[01:25:28] [Server thread/INFO] (Minecraft) ThreadedAnvilChunkStorage (DIM1): All chunks are saved
[01:25:28] [Server thread/INFO] (Minecraft) ThreadedAnvilChunkStorage: All dimensions are saved
[01:25:28] [Render thread/INFO] (ChunkBuilder) Stopping worker threads
[01:25:29] [Render thread/INFO] (Minecraft) Stopping!
